<?xml version="1.0" encoding="UTF-8"?>
<testng-results skipped="0" failed="0" ignored="0" total="1" passed="1">
  <reporter-output>
  </reporter-output>
  <suite name="Default suite" duration-ms="14359" started-at="2020-09-11T02:08:01 WAT" finished-at="2020-09-11T02:08:16 WAT">
    <groups>
    </groups>
    <test name="Default test" duration-ms="14359" started-at="2020-09-11T02:08:01 WAT" finished-at="2020-09-11T02:08:16 WAT">
      <class name="com.PSSAP.testcase.Login">
        <test-method status="PASS" signature="setUp()[pri:0, instance:com.PSSAP.testcase.Login@3e27ba32]" name="setUp" is-config="true" duration-ms="127001" started-at="2020-09-11T02:05:54 WAT" finished-at="2020-09-11T02:08:01 WAT">
          <reporter-output>
          </reporter-output>
        </test-method> <!-- setUp -->
        <test-method status="PASS" signature="validLogin()[pri:0, instance:com.PSSAP.testcase.Login@3e27ba32]" name="validLogin" duration-ms="14234" started-at="2020-09-11T02:08:02 WAT" finished-at="2020-09-11T02:08:16 WAT">
          <reporter-output>
          </reporter-output>
        </test-method> <!-- validLogin -->
        <test-method status="PASS" signature="tearDown()[pri:0, instance:com.PSSAP.testcase.Login@3e27ba32]" name="tearDown" is-config="true" duration-ms="823" started-at="2020-09-11T02:08:16 WAT" finished-at="2020-09-11T02:08:17 WAT">
          <reporter-output>
          </reporter-output>
        </test-method> <!-- tearDown -->
      </class> <!-- com.PSSAP.testcase.Login -->
    </test> <!-- Default test -->
  </suite> <!-- Default suite -->
</testng-results>
